<?xml version="1.0" encoding="UTF-8"?>
<!-- Generated by org.testng.reporters.JUnitReportReporter -->
<testsuite hostname="lalit-ritu" failures="0" tests="4" name="com.amazon.tests.test.AmazonHomePageTest" time="19.841" errors="0" timestamp="19 Sep 2022 14:28:00 GMT" skipped="0">
  <testcase classname="com.amazon.tests.test.AmazonHomePageTest" name="testTitle" time="0.034"/>
  <testcase classname="com.amazon.tests.test.AmazonHomePageTest" name="testSearchBox" time="0.321"/>
  <testcase classname="com.amazon.tests.test.AmazonHomePageTest" name="testSubmitButton" time="8.536"/>
  <testcase classname="com.amazon.tests.test.AmazonHomePageTest" name="testSchoolBagLink" time="10.950"/>
</testsuite> <!-- com.amazon.tests.test.AmazonHomePageTest -->
